[2026-03-26 14:21:26,708] [INFO] - Loading data...
[2026-03-26 14:21:26,904] [INFO] - Encoding TAC...
[2026-03-26 14:21:27,008] [INFO] - Splitting data...
[2026-03-26 14:21:27,041] [INFO] - Training models...
[2026-03-26 14:21:52,818] [INFO] - Evaluating models...
[2026-03-26 14:36:14,425] [INFO] - Saving models...
[2026-03-26 14:36:14,663] [INFO] - Models saved successfully.
[2026-03-26 15:11:51,321] [INFO] - Loading data...
[2026-03-26 15:11:51,649] [INFO] - Encoding TAC...
[2026-03-26 15:11:51,845] [INFO] - Splitting data...
[2026-03-26 15:11:51,904] [INFO] - Training models...
[2026-03-26 15:12:14,091] [INFO] - Evaluating models...
[2026-03-26 15:25:19,819] [INFO] - Saving models...
[2026-03-26 15:25:19,919] [INFO] - Models saved successfully.
[2026-03-26 15:33:12,699] [INFO] - Loading data...
[2026-03-26 15:33:12,829] [INFO] - Encoding TAC...
[2026-03-26 15:33:12,917] [INFO] - Splitting data...
[2026-03-26 15:33:12,949] [INFO] - Training models...
[2026-03-26 15:33:44,173] [INFO] - Evaluating models...
[2026-03-26 16:11:28,921] [INFO] - Saving models...
[2026-03-26 16:11:29,294] [INFO] - Models saved successfully.
